ERROR - 2026-03-28 17:48:34 --> Error connecting to the database: mysqli_sql_exception: No such file or directory in /Users/gody/Library/CloudStorage/OneDrive-UniversityofWolverhampton/gymworkout/system/Database/MySQLi/Connection.php:201
Stack trace:
#0 /Users/gody/Library/CloudStorage/OneDrive-UniversityofWolverhampton/gymworkout/system/Database/MySQLi/Connection.php(201): mysqli->real_connect('localhost', '', Object(SensitiveParameterValue), '', 3306, '', 0)
#1 /Users/gody/Library/CloudStorage/OneDrive-UniversityofWolverhampton/gymworkout/system/Database/BaseConnection.php(555): CodeIgniter\Database\MySQLi\Connection->connect(false)
#2 /Users/gody/Library/CloudStorage/OneDrive-UniversityofWolverhampton/gymworkout/system/Database/BaseConnection.php(795): CodeIgniter\Database\BaseConnection->initialize()
#3 /Users/gody/Library/CloudStorage/OneDrive-UniversityofWolverhampton/gymworkout/system/Database/BaseBuilder.php(2345): CodeIgniter\Database\BaseConnection->query('INSERT INTO `co...', Array, false)
#4 /Users/gody/Library/CloudStorage/OneDrive-UniversityofWolverhampton/gymworkout/system/Model.php(355): CodeIgniter\Database\BaseBuilder->insert()
#5 /Users/gody/Library/CloudStorage/OneDrive-UniversityofWolverhampton/gymworkout/system/BaseModel.php(899): CodeIgniter\Model->doInsert(Array)
#6 /Users/gody/Library/CloudStorage/OneDrive-UniversityofWolverhampton/gymworkout/system/Model.php(668): CodeIgniter\BaseModel->insert(Array, false)
#7 /Users/gody/Library/CloudStorage/OneDrive-UniversityofWolverhampton/gymworkout/system/BaseModel.php(752): CodeIgniter\Model->insert(Array, false)
#8 /Users/gody/Library/CloudStorage/OneDrive-UniversityofWolverhampton/gymworkout/app/Controllers/Contact.php(18): CodeIgniter\BaseModel->save(Array)
#9 /Users/gody/Library/CloudStorage/OneDrive-UniversityofWolverhampton/gymworkout/system/CodeIgniter.php(951): App\Controllers\Contact->submit()
#10 /Users/gody/Library/CloudStorage/OneDrive-UniversityofWolverhampton/gymworkout/system/CodeIgniter.php(497): CodeIgniter\CodeIgniter->runController(Object(App\Controllers\Contact))
#11 /Users/gody/Library/CloudStorage/OneDrive-UniversityofWolverhampton/gymworkout/system/CodeIgniter.php(340): CodeIgniter\CodeIgniter->handleRequest(NULL, Object(Config\Cache), false)
#12 /Users/gody/Library/CloudStorage/OneDrive-UniversityofWolverhampton/gymworkout/system/Boot.php(417): CodeIgniter\CodeIgniter->run()
#13 /Users/gody/Library/CloudStorage/OneDrive-UniversityofWolverhampton/gymworkout/system/Boot.php(68): CodeIgniter\Boot::runCodeIgniter(Object(CodeIgniter\CodeIgniter))
#14 /Users/gody/Library/CloudStorage/OneDrive-UniversityofWolverhampton/gymworkout/public/index.php(59): CodeIgniter\Boot::bootWeb(Object(Config\Paths))
#15 /Users/gody/Library/CloudStorage/OneDrive-UniversityofWolverhampton/gymworkout/system/rewrite.php(44): require_once('/Users/gody/Lib...')
#16 {main}

Next CodeIgniter\Database\Exceptions\DatabaseException: No such file or directory in /Users/gody/Library/CloudStorage/OneDrive-UniversityofWolverhampton/gymworkout/system/Database/MySQLi/Connection.php:231
Stack trace:
#0 /Users/gody/Library/CloudStorage/OneDrive-UniversityofWolverhampton/gymworkout/system/Database/BaseConnection.php(555): CodeIgniter\Database\MySQLi\Connection->connect(false)
#1 /Users/gody/Library/CloudStorage/OneDrive-UniversityofWolverhampton/gymworkout/system/Database/BaseConnection.php(795): CodeIgniter\Database\BaseConnection->initialize()
#2 /Users/gody/Library/CloudStorage/OneDrive-UniversityofWolverhampton/gymworkout/system/Database/BaseBuilder.php(2345): CodeIgniter\Database\BaseConnection->query('INSERT INTO `co...', Array, false)
#3 /Users/gody/Library/CloudStorage/OneDrive-UniversityofWolverhampton/gymworkout/system/Model.php(355): CodeIgniter\Database\BaseBuilder->insert()
#4 /Users/gody/Library/CloudStorage/OneDrive-UniversityofWolverhampton/gymworkout/system/BaseModel.php(899): CodeIgniter\Model->doInsert(Array)
#5 /Users/gody/Library/CloudStorage/OneDrive-UniversityofWolverhampton/gymworkout/system/Model.php(668): CodeIgniter\BaseModel->insert(Array, false)
#6 /Users/gody/Library/CloudStorage/OneDrive-UniversityofWolverhampton/gymworkout/system/BaseModel.php(752): CodeIgniter\Model->insert(Array, false)
#7 /Users/gody/Library/CloudStorage/OneDrive-UniversityofWolverhampton/gymworkout/app/Controllers/Contact.php(18): CodeIgniter\BaseModel->save(Array)
#8 /Users/gody/Library/CloudStorage/OneDrive-UniversityofWolverhampton/gymworkout/system/CodeIgniter.php(951): App\Controllers\Contact->submit()
#9 /Users/gody/Library/CloudStorage/OneDrive-UniversityofWolverhampton/gymworkout/system/CodeIgniter.php(497): CodeIgniter\CodeIgniter->runController(Object(App\Controllers\Contact))
#10 /Users/gody/Library/CloudStorage/OneDrive-UniversityofWolverhampton/gymworkout/system/CodeIgniter.php(340): CodeIgniter\CodeIgniter->handleRequest(NULL, Object(Config\Cache), false)
#11 /Users/gody/Library/CloudStorage/OneDrive-UniversityofWolverhampton/gymworkout/system/Boot.php(417): CodeIgniter\CodeIgniter->run()
#12 /Users/gody/Library/CloudStorage/OneDrive-UniversityofWolverhampton/gymworkout/system/Boot.php(68): CodeIgniter\Boot::runCodeIgniter(Object(CodeIgniter\CodeIgniter))
#13 /Users/gody/Library/CloudStorage/OneDrive-UniversityofWolverhampton/gymworkout/public/index.php(59): CodeIgniter\Boot::bootWeb(Object(Config\Paths))
#14 /Users/gody/Library/CloudStorage/OneDrive-UniversityofWolverhampton/gymworkout/system/rewrite.php(44): require_once('/Users/gody/Lib...')
#15 {main}
CRITICAL - 2026-03-28 17:48:34 --> CodeIgniter\Database\Exceptions\DatabaseException: Unable to connect to the database.
Main connection [MySQLi]: No such file or directory
[Method: POST, Route: contact/submit]
in SYSTEMPATH/Database/BaseConnection.php on line 606.
 1 SYSTEMPATH/Database/BaseConnection.php(795): CodeIgniter\Database\BaseConnection->initialize()
 2 SYSTEMPATH/Database/BaseBuilder.php(2345): CodeIgniter\Database\BaseConnection->query('INSERT INTO `contacts` (`name`, `email`, `message`) VALUES (:name:, :email:, :message:)', [...], false)
 3 SYSTEMPATH/Model.php(355): CodeIgniter\Database\BaseBuilder->insert()
 4 SYSTEMPATH/BaseModel.php(899): CodeIgniter\Model->doInsert([...])
 5 SYSTEMPATH/Model.php(668): CodeIgniter\BaseModel->insert([...], false)
 6 SYSTEMPATH/BaseModel.php(752): CodeIgniter\Model->insert([...], false)
 7 APPPATH/Controllers/Contact.php(18): CodeIgniter\BaseModel->save([...])
 8 SYSTEMPATH/CodeIgniter.php(951): App\Controllers\Contact->submit()
 9 SYSTEMPATH/CodeIgniter.php(497): CodeIgniter\CodeIgniter->runController(Object(App\Controllers\Contact))
10 SYSTEMPATH/CodeIgniter.php(340): CodeIgniter\CodeIgniter->handleRequest(null, Object(Config\Cache), false)
11 SYSTEMPATH/Boot.php(417): CodeIgniter\CodeIgniter->run()
12 SYSTEMPATH/Boot.php(68): CodeIgniter\Boot::runCodeIgniter(Object(CodeIgniter\CodeIgniter))
13 FCPATH/index.php(59): CodeIgniter\Boot::bootWeb(Object(Config\Paths))
14 SYSTEMPATH/rewrite.php(44): require_once('/Users/gody/Library/CloudStorage/OneDrive-UniversityofWolverhampton/gymworkout/public/index.php')
ERROR - 2026-03-28 17:54:08 --> Error connecting to the database: mysqli_sql_exception: No such file or directory in /Users/gody/Library/CloudStorage/OneDrive-UniversityofWolverhampton/gymworkout/system/Database/MySQLi/Connection.php:201
Stack trace:
#0 /Users/gody/Library/CloudStorage/OneDrive-UniversityofWolverhampton/gymworkout/system/Database/MySQLi/Connection.php(201): mysqli->real_connect('localhost', '', Object(SensitiveParameterValue), '', 3306, '', 0)
#1 /Users/gody/Library/CloudStorage/OneDrive-UniversityofWolverhampton/gymworkout/system/Database/BaseConnection.php(555): CodeIgniter\Database\MySQLi\Connection->connect(false)
#2 /Users/gody/Library/CloudStorage/OneDrive-UniversityofWolverhampton/gymworkout/system/Database/BaseConnection.php(795): CodeIgniter\Database\BaseConnection->initialize()
#3 /Users/gody/Library/CloudStorage/OneDrive-UniversityofWolverhampton/gymworkout/system/Database/BaseBuilder.php(2345): CodeIgniter\Database\BaseConnection->query('INSERT INTO `co...', Array, false)
#4 /Users/gody/Library/CloudStorage/OneDrive-UniversityofWolverhampton/gymworkout/system/Model.php(355): CodeIgniter\Database\BaseBuilder->insert()
#5 /Users/gody/Library/CloudStorage/OneDrive-UniversityofWolverhampton/gymworkout/system/BaseModel.php(899): CodeIgniter\Model->doInsert(Array)
#6 /Users/gody/Library/CloudStorage/OneDrive-UniversityofWolverhampton/gymworkout/system/Model.php(668): CodeIgniter\BaseModel->insert(Array, false)
#7 /Users/gody/Library/CloudStorage/OneDrive-UniversityofWolverhampton/gymworkout/system/BaseModel.php(752): CodeIgniter\Model->insert(Array, false)
#8 /Users/gody/Library/CloudStorage/OneDrive-UniversityofWolverhampton/gymworkout/app/Controllers/Contact.php(18): CodeIgniter\BaseModel->save(Array)
#9 /Users/gody/Library/CloudStorage/OneDrive-UniversityofWolverhampton/gymworkout/system/CodeIgniter.php(951): App\Controllers\Contact->submit()
#10 /Users/gody/Library/CloudStorage/OneDrive-UniversityofWolverhampton/gymworkout/system/CodeIgniter.php(497): CodeIgniter\CodeIgniter->runController(Object(App\Controllers\Contact))
#11 /Users/gody/Library/CloudStorage/OneDrive-UniversityofWolverhampton/gymworkout/system/CodeIgniter.php(340): CodeIgniter\CodeIgniter->handleRequest(NULL, Object(Config\Cache), false)
#12 /Users/gody/Library/CloudStorage/OneDrive-UniversityofWolverhampton/gymworkout/system/Boot.php(417): CodeIgniter\CodeIgniter->run()
#13 /Users/gody/Library/CloudStorage/OneDrive-UniversityofWolverhampton/gymworkout/system/Boot.php(68): CodeIgniter\Boot::runCodeIgniter(Object(CodeIgniter\CodeIgniter))
#14 /Users/gody/Library/CloudStorage/OneDrive-UniversityofWolverhampton/gymworkout/public/index.php(59): CodeIgniter\Boot::bootWeb(Object(Config\Paths))
#15 /Users/gody/Library/CloudStorage/OneDrive-UniversityofWolverhampton/gymworkout/system/rewrite.php(44): require_once('/Users/gody/Lib...')
#16 {main}

Next CodeIgniter\Database\Exceptions\DatabaseException: No such file or directory in /Users/gody/Library/CloudStorage/OneDrive-UniversityofWolverhampton/gymworkout/system/Database/MySQLi/Connection.php:231
Stack trace:
#0 /Users/gody/Library/CloudStorage/OneDrive-UniversityofWolverhampton/gymworkout/system/Database/BaseConnection.php(555): CodeIgniter\Database\MySQLi\Connection->connect(false)
#1 /Users/gody/Library/CloudStorage/OneDrive-UniversityofWolverhampton/gymworkout/system/Database/BaseConnection.php(795): CodeIgniter\Database\BaseConnection->initialize()
#2 /Users/gody/Library/CloudStorage/OneDrive-UniversityofWolverhampton/gymworkout/system/Database/BaseBuilder.php(2345): CodeIgniter\Database\BaseConnection->query('INSERT INTO `co...', Array, false)
#3 /Users/gody/Library/CloudStorage/OneDrive-UniversityofWolverhampton/gymworkout/system/Model.php(355): CodeIgniter\Database\BaseBuilder->insert()
#4 /Users/gody/Library/CloudStorage/OneDrive-UniversityofWolverhampton/gymworkout/system/BaseModel.php(899): CodeIgniter\Model->doInsert(Array)
#5 /Users/gody/Library/CloudStorage/OneDrive-UniversityofWolverhampton/gymworkout/system/Model.php(668): CodeIgniter\BaseModel->insert(Array, false)
#6 /Users/gody/Library/CloudStorage/OneDrive-UniversityofWolverhampton/gymworkout/system/BaseModel.php(752): CodeIgniter\Model->insert(Array, false)
#7 /Users/gody/Library/CloudStorage/OneDrive-UniversityofWolverhampton/gymworkout/app/Controllers/Contact.php(18): CodeIgniter\BaseModel->save(Array)
#8 /Users/gody/Library/CloudStorage/OneDrive-UniversityofWolverhampton/gymworkout/system/CodeIgniter.php(951): App\Controllers\Contact->submit()
#9 /Users/gody/Library/CloudStorage/OneDrive-UniversityofWolverhampton/gymworkout/system/CodeIgniter.php(497): CodeIgniter\CodeIgniter->runController(Object(App\Controllers\Contact))
#10 /Users/gody/Library/CloudStorage/OneDrive-UniversityofWolverhampton/gymworkout/system/CodeIgniter.php(340): CodeIgniter\CodeIgniter->handleRequest(NULL, Object(Config\Cache), false)
#11 /Users/gody/Library/CloudStorage/OneDrive-UniversityofWolverhampton/gymworkout/system/Boot.php(417): CodeIgniter\CodeIgniter->run()
#12 /Users/gody/Library/CloudStorage/OneDrive-UniversityofWolverhampton/gymworkout/system/Boot.php(68): CodeIgniter\Boot::runCodeIgniter(Object(CodeIgniter\CodeIgniter))
#13 /Users/gody/Library/CloudStorage/OneDrive-UniversityofWolverhampton/gymworkout/public/index.php(59): CodeIgniter\Boot::bootWeb(Object(Config\Paths))
#14 /Users/gody/Library/CloudStorage/OneDrive-UniversityofWolverhampton/gymworkout/system/rewrite.php(44): require_once('/Users/gody/Lib...')
#15 {main}
CRITICAL - 2026-03-28 17:54:08 --> CodeIgniter\Database\Exceptions\DatabaseException: Unable to connect to the database.
Main connection [MySQLi]: No such file or directory
[Method: POST, Route: contact/submit]
in SYSTEMPATH/Database/BaseConnection.php on line 606.
 1 SYSTEMPATH/Database/BaseConnection.php(795): CodeIgniter\Database\BaseConnection->initialize()
 2 SYSTEMPATH/Database/BaseBuilder.php(2345): CodeIgniter\Database\BaseConnection->query('INSERT INTO `contacts` (`name`, `email`, `message`) VALUES (:name:, :email:, :message:)', [...], false)
 3 SYSTEMPATH/Model.php(355): CodeIgniter\Database\BaseBuilder->insert()
 4 SYSTEMPATH/BaseModel.php(899): CodeIgniter\Model->doInsert([...])
 5 SYSTEMPATH/Model.php(668): CodeIgniter\BaseModel->insert([...], false)
 6 SYSTEMPATH/BaseModel.php(752): CodeIgniter\Model->insert([...], false)
 7 APPPATH/Controllers/Contact.php(18): CodeIgniter\BaseModel->save([...])
 8 SYSTEMPATH/CodeIgniter.php(951): App\Controllers\Contact->submit()
 9 SYSTEMPATH/CodeIgniter.php(497): CodeIgniter\CodeIgniter->runController(Object(App\Controllers\Contact))
10 SYSTEMPATH/CodeIgniter.php(340): CodeIgniter\CodeIgniter->handleRequest(null, Object(Config\Cache), false)
11 SYSTEMPATH/Boot.php(417): CodeIgniter\CodeIgniter->run()
12 SYSTEMPATH/Boot.php(68): CodeIgniter\Boot::runCodeIgniter(Object(CodeIgniter\CodeIgniter))
13 FCPATH/index.php(59): CodeIgniter\Boot::bootWeb(Object(Config\Paths))
14 SYSTEMPATH/rewrite.php(44): require_once('/Users/gody/Library/CloudStorage/OneDrive-UniversityofWolverhampton/gymworkout/public/index.php')
CRITICAL - 2026-03-28 18:05:01 --> Error: Class "App\Models\ContactModel" not found
[Method: POST, Route: contact/submit]
in APPPATH/Controllers/Contact.php on line 16.
 1 SYSTEMPATH/CodeIgniter.php(951): App\Controllers\Contact->submit()
 2 SYSTEMPATH/CodeIgniter.php(497): CodeIgniter\CodeIgniter->runController(Object(App\Controllers\Contact))
 3 SYSTEMPATH/CodeIgniter.php(340): CodeIgniter\CodeIgniter->handleRequest(null, Object(Config\Cache), false)
 4 SYSTEMPATH/Boot.php(417): CodeIgniter\CodeIgniter->run()
 5 SYSTEMPATH/Boot.php(68): CodeIgniter\Boot::runCodeIgniter(Object(CodeIgniter\CodeIgniter))
 6 FCPATH/index.php(59): CodeIgniter\Boot::bootWeb(Object(Config\Paths))
 7 SYSTEMPATH/rewrite.php(44): require_once('/Users/gody/Library/CloudStorage/OneDrive-UniversityofWolverhampton/gymworkout/public/index.php')
CRITICAL - 2026-03-28 18:05:05 --> Error: Class "App\Models\ContactModel" not found
[Method: POST, Route: contact/submit]
in APPPATH/Controllers/Contact.php on line 16.
 1 SYSTEMPATH/CodeIgniter.php(951): App\Controllers\Contact->submit()
 2 SYSTEMPATH/CodeIgniter.php(497): CodeIgniter\CodeIgniter->runController(Object(App\Controllers\Contact))
 3 SYSTEMPATH/CodeIgniter.php(340): CodeIgniter\CodeIgniter->handleRequest(null, Object(Config\Cache), false)
 4 SYSTEMPATH/Boot.php(417): CodeIgniter\CodeIgniter->run()
 5 SYSTEMPATH/Boot.php(68): CodeIgniter\Boot::runCodeIgniter(Object(CodeIgniter\CodeIgniter))
 6 FCPATH/index.php(59): CodeIgniter\Boot::bootWeb(Object(Config\Paths))
 7 SYSTEMPATH/rewrite.php(44): require_once('/Users/gody/Library/CloudStorage/OneDrive-UniversityofWolverhampton/gymworkout/public/index.php')
ERROR - 2026-03-28 18:13:02 --> Error connecting to the database: mysqli_sql_exception: No such file or directory in /Users/gody/Library/CloudStorage/OneDrive-UniversityofWolverhampton/gymworkout/system/Database/MySQLi/Connection.php:201
Stack trace:
#0 /Users/gody/Library/CloudStorage/OneDrive-UniversityofWolverhampton/gymworkout/system/Database/MySQLi/Connection.php(201): mysqli->real_connect('localhost', '', Object(SensitiveParameterValue), '', 3306, '', 0)
#1 /Users/gody/Library/CloudStorage/OneDrive-UniversityofWolverhampton/gymworkout/system/Database/BaseConnection.php(555): CodeIgniter\Database\MySQLi\Connection->connect(false)
#2 /Users/gody/Library/CloudStorage/OneDrive-UniversityofWolverhampton/gymworkout/system/Database/BaseConnection.php(795): CodeIgniter\Database\BaseConnection->initialize()
#3 /Users/gody/Library/CloudStorage/OneDrive-UniversityofWolverhampton/gymworkout/system/Database/BaseBuilder.php(2345): CodeIgniter\Database\BaseConnection->query('INSERT INTO `co...', Array, false)
#4 /Users/gody/Library/CloudStorage/OneDrive-UniversityofWolverhampton/gymworkout/system/Model.php(355): CodeIgniter\Database\BaseBuilder->insert()
#5 /Users/gody/Library/CloudStorage/OneDrive-UniversityofWolverhampton/gymworkout/system/BaseModel.php(899): CodeIgniter\Model->doInsert(Array)
#6 /Users/gody/Library/CloudStorage/OneDrive-UniversityofWolverhampton/gymworkout/system/Model.php(668): CodeIgniter\BaseModel->insert(Array, false)
#7 /Users/gody/Library/CloudStorage/OneDrive-UniversityofWolverhampton/gymworkout/system/BaseModel.php(752): CodeIgniter\Model->insert(Array, false)
#8 /Users/gody/Library/CloudStorage/OneDrive-UniversityofWolverhampton/gymworkout/app/Controllers/Contact.php(18): CodeIgniter\BaseModel->save(Array)
#9 /Users/gody/Library/CloudStorage/OneDrive-UniversityofWolverhampton/gymworkout/system/CodeIgniter.php(951): App\Controllers\Contact->submit()
#10 /Users/gody/Library/CloudStorage/OneDrive-UniversityofWolverhampton/gymworkout/system/CodeIgniter.php(497): CodeIgniter\CodeIgniter->runController(Object(App\Controllers\Contact))
#11 /Users/gody/Library/CloudStorage/OneDrive-UniversityofWolverhampton/gymworkout/system/CodeIgniter.php(340): CodeIgniter\CodeIgniter->handleRequest(NULL, Object(Config\Cache), false)
#12 /Users/gody/Library/CloudStorage/OneDrive-UniversityofWolverhampton/gymworkout/system/Boot.php(417): CodeIgniter\CodeIgniter->run()
#13 /Users/gody/Library/CloudStorage/OneDrive-UniversityofWolverhampton/gymworkout/system/Boot.php(68): CodeIgniter\Boot::runCodeIgniter(Object(CodeIgniter\CodeIgniter))
#14 /Users/gody/Library/CloudStorage/OneDrive-UniversityofWolverhampton/gymworkout/public/index.php(59): CodeIgniter\Boot::bootWeb(Object(Config\Paths))
#15 /Users/gody/Library/CloudStorage/OneDrive-UniversityofWolverhampton/gymworkout/system/rewrite.php(44): require_once('/Users/gody/Lib...')
#16 {main}

Next CodeIgniter\Database\Exceptions\DatabaseException: No such file or directory in /Users/gody/Library/CloudStorage/OneDrive-UniversityofWolverhampton/gymworkout/system/Database/MySQLi/Connection.php:231
Stack trace:
#0 /Users/gody/Library/CloudStorage/OneDrive-UniversityofWolverhampton/gymworkout/system/Database/BaseConnection.php(555): CodeIgniter\Database\MySQLi\Connection->connect(false)
#1 /Users/gody/Library/CloudStorage/OneDrive-UniversityofWolverhampton/gymworkout/system/Database/BaseConnection.php(795): CodeIgniter\Database\BaseConnection->initialize()
#2 /Users/gody/Library/CloudStorage/OneDrive-UniversityofWolverhampton/gymworkout/system/Database/BaseBuilder.php(2345): CodeIgniter\Database\BaseConnection->query('INSERT INTO `co...', Array, false)
#3 /Users/gody/Library/CloudStorage/OneDrive-UniversityofWolverhampton/gymworkout/system/Model.php(355): CodeIgniter\Database\BaseBuilder->insert()
#4 /Users/gody/Library/CloudStorage/OneDrive-UniversityofWolverhampton/gymworkout/system/BaseModel.php(899): CodeIgniter\Model->doInsert(Array)
#5 /Users/gody/Library/CloudStorage/OneDrive-UniversityofWolverhampton/gymworkout/system/Model.php(668): CodeIgniter\BaseModel->insert(Array, false)
#6 /Users/gody/Library/CloudStorage/OneDrive-UniversityofWolverhampton/gymworkout/system/BaseModel.php(752): CodeIgniter\Model->insert(Array, false)
#7 /Users/gody/Library/CloudStorage/OneDrive-UniversityofWolverhampton/gymworkout/app/Controllers/Contact.php(18): CodeIgniter\BaseModel->save(Array)
#8 /Users/gody/Library/CloudStorage/OneDrive-UniversityofWolverhampton/gymworkout/system/CodeIgniter.php(951): App\Controllers\Contact->submit()
#9 /Users/gody/Library/CloudStorage/OneDrive-UniversityofWolverhampton/gymworkout/system/CodeIgniter.php(497): CodeIgniter\CodeIgniter->runController(Object(App\Controllers\Contact))
#10 /Users/gody/Library/CloudStorage/OneDrive-UniversityofWolverhampton/gymworkout/system/CodeIgniter.php(340): CodeIgniter\CodeIgniter->handleRequest(NULL, Object(Config\Cache), false)
#11 /Users/gody/Library/CloudStorage/OneDrive-UniversityofWolverhampton/gymworkout/system/Boot.php(417): CodeIgniter\CodeIgniter->run()
#12 /Users/gody/Library/CloudStorage/OneDrive-UniversityofWolverhampton/gymworkout/system/Boot.php(68): CodeIgniter\Boot::runCodeIgniter(Object(CodeIgniter\CodeIgniter))
#13 /Users/gody/Library/CloudStorage/OneDrive-UniversityofWolverhampton/gymworkout/public/index.php(59): CodeIgniter\Boot::bootWeb(Object(Config\Paths))
#14 /Users/gody/Library/CloudStorage/OneDrive-UniversityofWolverhampton/gymworkout/system/rewrite.php(44): require_once('/Users/gody/Lib...')
#15 {main}
CRITICAL - 2026-03-28 18:13:02 --> CodeIgniter\Database\Exceptions\DatabaseException: Unable to connect to the database.
Main connection [MySQLi]: No such file or directory
[Method: POST, Route: contact/submit]
in SYSTEMPATH/Database/BaseConnection.php on line 606.
 1 SYSTEMPATH/Database/BaseConnection.php(795): CodeIgniter\Database\BaseConnection->initialize()
 2 SYSTEMPATH/Database/BaseBuilder.php(2345): CodeIgniter\Database\BaseConnection->query('INSERT INTO `contacts` (`name`, `email`, `message`) VALUES (:name:, :email:, :message:)', [...], false)
 3 SYSTEMPATH/Model.php(355): CodeIgniter\Database\BaseBuilder->insert()
 4 SYSTEMPATH/BaseModel.php(899): CodeIgniter\Model->doInsert([...])
 5 SYSTEMPATH/Model.php(668): CodeIgniter\BaseModel->insert([...], false)
 6 SYSTEMPATH/BaseModel.php(752): CodeIgniter\Model->insert([...], false)
 7 APPPATH/Controllers/Contact.php(18): CodeIgniter\BaseModel->save([...])
 8 SYSTEMPATH/CodeIgniter.php(951): App\Controllers\Contact->submit()
 9 SYSTEMPATH/CodeIgniter.php(497): CodeIgniter\CodeIgniter->runController(Object(App\Controllers\Contact))
10 SYSTEMPATH/CodeIgniter.php(340): CodeIgniter\CodeIgniter->handleRequest(null, Object(Config\Cache), false)
11 SYSTEMPATH/Boot.php(417): CodeIgniter\CodeIgniter->run()
12 SYSTEMPATH/Boot.php(68): CodeIgniter\Boot::runCodeIgniter(Object(CodeIgniter\CodeIgniter))
13 FCPATH/index.php(59): CodeIgniter\Boot::bootWeb(Object(Config\Paths))
14 SYSTEMPATH/rewrite.php(44): require_once('/Users/gody/Library/CloudStorage/OneDrive-UniversityofWolverhampton/gymworkout/public/index.php')
ERROR - 2026-03-28 18:26:43 --> Error connecting to the database: mysqli_sql_exception: No such file or directory in /Users/gody/Library/CloudStorage/OneDrive-UniversityofWolverhampton/gymworkout/system/Database/MySQLi/Connection.php:201
Stack trace:
#0 /Users/gody/Library/CloudStorage/OneDrive-UniversityofWolverhampton/gymworkout/system/Database/MySQLi/Connection.php(201): mysqli->real_connect('localhost', '2300887', Object(SensitiveParameterValue), 'db2300887', 3306, '', 0)
#1 /Users/gody/Library/CloudStorage/OneDrive-UniversityofWolverhampton/gymworkout/system/Database/BaseConnection.php(555): CodeIgniter\Database\MySQLi\Connection->connect(false)
#2 /Users/gody/Library/CloudStorage/OneDrive-UniversityofWolverhampton/gymworkout/system/Database/BaseConnection.php(795): CodeIgniter\Database\BaseConnection->initialize()
#3 /Users/gody/Library/CloudStorage/OneDrive-UniversityofWolverhampton/gymworkout/system/Database/BaseBuilder.php(2345): CodeIgniter\Database\BaseConnection->query('INSERT INTO `co...', Array, false)
#4 /Users/gody/Library/CloudStorage/OneDrive-UniversityofWolverhampton/gymworkout/system/Model.php(355): CodeIgniter\Database\BaseBuilder->insert()
#5 /Users/gody/Library/CloudStorage/OneDrive-UniversityofWolverhampton/gymworkout/system/BaseModel.php(899): CodeIgniter\Model->doInsert(Array)
#6 /Users/gody/Library/CloudStorage/OneDrive-UniversityofWolverhampton/gymworkout/system/Model.php(668): CodeIgniter\BaseModel->insert(Array, false)
#7 /Users/gody/Library/CloudStorage/OneDrive-UniversityofWolverhampton/gymworkout/system/BaseModel.php(752): CodeIgniter\Model->insert(Array, false)
#8 /Users/gody/Library/CloudStorage/OneDrive-UniversityofWolverhampton/gymworkout/app/Controllers/Contact.php(18): CodeIgniter\BaseModel->save(Array)
#9 /Users/gody/Library/CloudStorage/OneDrive-UniversityofWolverhampton/gymworkout/system/CodeIgniter.php(951): App\Controllers\Contact->submit()
#10 /Users/gody/Library/CloudStorage/OneDrive-UniversityofWolverhampton/gymworkout/system/CodeIgniter.php(497): CodeIgniter\CodeIgniter->runController(Object(App\Controllers\Contact))
#11 /Users/gody/Library/CloudStorage/OneDrive-UniversityofWolverhampton/gymworkout/system/CodeIgniter.php(340): CodeIgniter\CodeIgniter->handleRequest(NULL, Object(Config\Cache), false)
#12 /Users/gody/Library/CloudStorage/OneDrive-UniversityofWolverhampton/gymworkout/system/Boot.php(417): CodeIgniter\CodeIgniter->run()
#13 /Users/gody/Library/CloudStorage/OneDrive-UniversityofWolverhampton/gymworkout/system/Boot.php(68): CodeIgniter\Boot::runCodeIgniter(Object(CodeIgniter\CodeIgniter))
#14 /Users/gody/Library/CloudStorage/OneDrive-UniversityofWolverhampton/gymworkout/public/index.php(59): CodeIgniter\Boot::bootWeb(Object(Config\Paths))
#15 /Users/gody/Library/CloudStorage/OneDrive-UniversityofWolverhampton/gymworkout/system/rewrite.php(44): require_once('/Users/gody/Lib...')
#16 {main}

Next CodeIgniter\Database\Exceptions\DatabaseException: No such file or directory in /Users/gody/Library/CloudStorage/OneDrive-UniversityofWolverhampton/gymworkout/system/Database/MySQLi/Connection.php:231
Stack trace:
#0 /Users/gody/Library/CloudStorage/OneDrive-UniversityofWolverhampton/gymworkout/system/Database/BaseConnection.php(555): CodeIgniter\Database\MySQLi\Connection->connect(false)
#1 /Users/gody/Library/CloudStorage/OneDrive-UniversityofWolverhampton/gymworkout/system/Database/BaseConnection.php(795): CodeIgniter\Database\BaseConnection->initialize()
#2 /Users/gody/Library/CloudStorage/OneDrive-UniversityofWolverhampton/gymworkout/system/Database/BaseBuilder.php(2345): CodeIgniter\Database\BaseConnection->query('INSERT INTO `co...', Array, false)
#3 /Users/gody/Library/CloudStorage/OneDrive-UniversityofWolverhampton/gymworkout/system/Model.php(355): CodeIgniter\Database\BaseBuilder->insert()
#4 /Users/gody/Library/CloudStorage/OneDrive-UniversityofWolverhampton/gymworkout/system/BaseModel.php(899): CodeIgniter\Model->doInsert(Array)
#5 /Users/gody/Library/CloudStorage/OneDrive-UniversityofWolverhampton/gymworkout/system/Model.php(668): CodeIgniter\BaseModel->insert(Array, false)
#6 /Users/gody/Library/CloudStorage/OneDrive-UniversityofWolverhampton/gymworkout/system/BaseModel.php(752): CodeIgniter\Model->insert(Array, false)
#7 /Users/gody/Library/CloudStorage/OneDrive-UniversityofWolverhampton/gymworkout/app/Controllers/Contact.php(18): CodeIgniter\BaseModel->save(Array)
#8 /Users/gody/Library/CloudStorage/OneDrive-UniversityofWolverhampton/gymworkout/system/CodeIgniter.php(951): App\Controllers\Contact->submit()
#9 /Users/gody/Library/CloudStorage/OneDrive-UniversityofWolverhampton/gymworkout/system/CodeIgniter.php(497): CodeIgniter\CodeIgniter->runController(Object(App\Controllers\Contact))
#10 /Users/gody/Library/CloudStorage/OneDrive-UniversityofWolverhampton/gymworkout/system/CodeIgniter.php(340): CodeIgniter\CodeIgniter->handleRequest(NULL, Object(Config\Cache), false)
#11 /Users/gody/Library/CloudStorage/OneDrive-UniversityofWolverhampton/gymworkout/system/Boot.php(417): CodeIgniter\CodeIgniter->run()
#12 /Users/gody/Library/CloudStorage/OneDrive-UniversityofWolverhampton/gymworkout/system/Boot.php(68): CodeIgniter\Boot::runCodeIgniter(Object(CodeIgniter\CodeIgniter))
#13 /Users/gody/Library/CloudStorage/OneDrive-UniversityofWolverhampton/gymworkout/public/index.php(59): CodeIgniter\Boot::bootWeb(Object(Config\Paths))
#14 /Users/gody/Library/CloudStorage/OneDrive-UniversityofWolverhampton/gymworkout/system/rewrite.php(44): require_once('/Users/gody/Lib...')
#15 {main}
CRITICAL - 2026-03-28 18:26:43 --> CodeIgniter\Database\Exceptions\DatabaseException: Unable to connect to the database.
Main connection [MySQLi]: No such file or directory
[Method: POST, Route: contact/submit]
in SYSTEMPATH/Database/BaseConnection.php on line 606.
 1 SYSTEMPATH/Database/BaseConnection.php(795): CodeIgniter\Database\BaseConnection->initialize()
 2 SYSTEMPATH/Database/BaseBuilder.php(2345): CodeIgniter\Database\BaseConnection->query('INSERT INTO `contacts` (`name`, `email`, `message`) VALUES (:name:, :email:, :message:)', [...], false)
 3 SYSTEMPATH/Model.php(355): CodeIgniter\Database\BaseBuilder->insert()
 4 SYSTEMPATH/BaseModel.php(899): CodeIgniter\Model->doInsert([...])
 5 SYSTEMPATH/Model.php(668): CodeIgniter\BaseModel->insert([...], false)
 6 SYSTEMPATH/BaseModel.php(752): CodeIgniter\Model->insert([...], false)
 7 APPPATH/Controllers/Contact.php(18): CodeIgniter\BaseModel->save([...])
 8 SYSTEMPATH/CodeIgniter.php(951): App\Controllers\Contact->submit()
 9 SYSTEMPATH/CodeIgniter.php(497): CodeIgniter\CodeIgniter->runController(Object(App\Controllers\Contact))
10 SYSTEMPATH/CodeIgniter.php(340): CodeIgniter\CodeIgniter->handleRequest(null, Object(Config\Cache), false)
11 SYSTEMPATH/Boot.php(417): CodeIgniter\CodeIgniter->run()
12 SYSTEMPATH/Boot.php(68): CodeIgniter\Boot::runCodeIgniter(Object(CodeIgniter\CodeIgniter))
13 FCPATH/index.php(59): CodeIgniter\Boot::bootWeb(Object(Config\Paths))
14 SYSTEMPATH/rewrite.php(44): require_once('/Users/gody/Library/CloudStorage/OneDrive-UniversityofWolverhampton/gymworkout/public/index.php')
